<?xml version='1.0' encoding='UTF-8'?>
<testsuite hostname="忍者的下午茶" name="edu.neu.coe.csye7200.asstll.MyLazyListSpec" tests="37" errors="0" failures="0" skipped="0" time="0.045" timestamp="2024-02-14T21:19:00">
                     <properties>
[...]
</properties>
                     <testcase classname="edu.neu.coe.csye7200.asstll.MyLazyListSpec" name="Cons should produce a single of 1" time="0.02">
                                                 
                                               </testcase><testcase classname="edu.neu.coe.csye7200.asstll.MyLazyListSpec" name="Cons should produce a stream of xs using Cons directly" time="0.001">
                                                 
                                               </testcase><testcase classname="edu.neu.coe.csye7200.asstll.MyLazyListSpec" name="toSeq should produce a single 1" time="0.001">
                                                 
                                               </testcase><testcase classname="edu.neu.coe.csye7200.asstll.MyLazyListSpec" name="toSeq should produce a sequence of 1, 2" time="0.001">
                                                 
                                               </testcase><testcase classname="edu.neu.coe.csye7200.asstll.MyLazyListSpec" name="ones should produce a stream of 1s" time="0.002">
                                                 
                                               </testcase><testcase classname="edu.neu.coe.csye7200.asstll.MyLazyListSpec" name="take should take zero from a finite stream" time="0.0">
                                                 
                                               </testcase><testcase classname="edu.neu.coe.csye7200.asstll.MyLazyListSpec" name="take should take zero from an infinite stream" time="0.0">
                                                 
                                               </testcase><testcase classname="edu.neu.coe.csye7200.asstll.MyLazyListSpec" name="take should take 3 from a finite stream of actual length 1" time="0.0">
                                                 
                                               </testcase><testcase classname="edu.neu.coe.csye7200.asstll.MyLazyListSpec" name="take should take 3 from an infinite stream" time="0.0">
                                                 
                                               </testcase><testcase classname="edu.neu.coe.csye7200.asstll.MyLazyListSpec" name="take should take 3 from an infinite stream of 1s that counts" time="0.001">
                                                 
                                               </testcase><testcase classname="edu.neu.coe.csye7200.asstll.MyLazyListSpec" name="take should take 3 from an infinite incrementing stream that counts" time="0.0">
                                                 
                                               </testcase><testcase classname="edu.neu.coe.csye7200.asstll.MyLazyListSpec" name="drop should work correctly" time="0.0">
                                                 
                                               </testcase><testcase classname="edu.neu.coe.csye7200.asstll.MyLazyListSpec" name="++ should join two Empty streams together" time="0.0">
                                                 
                                               </testcase><testcase classname="edu.neu.coe.csye7200.asstll.MyLazyListSpec" name="++ should join a stream with an Empty stream" time="0.001">
                                                 
                                               </testcase><testcase classname="edu.neu.coe.csye7200.asstll.MyLazyListSpec" name="++ should join an Empty stream with a stream" time="0.0">
                                                 
                                               </testcase><testcase classname="edu.neu.coe.csye7200.asstll.MyLazyListSpec" name="map should produce a stream of 2s" time="0.004">
                                                 
                                               </testcase><testcase classname="edu.neu.coe.csye7200.asstll.MyLazyListSpec" name="flatMap should produce a stream of 2s from a single element 1" time="0.001">
                                                 
                                               </testcase><testcase classname="edu.neu.coe.csye7200.asstll.MyLazyListSpec" name="flatMap should produce a stream of 2s from a stream of 1s" time="0.001">
                                                 
                                               </testcase><testcase classname="edu.neu.coe.csye7200.asstll.MyLazyListSpec" name="from should get a Seq(2, 4, 6, 8)" time="0.0">
                                                 
                                               </testcase><testcase classname="edu.neu.coe.csye7200.asstll.MyLazyListSpec" name="from should get a Seq(1, -1, -3, -5)" time="0.001">
                                                 
                                               </testcase><testcase classname="edu.neu.coe.csye7200.asstll.MyLazyListSpec" name="filter should produce a stream of even numbers using from(1)" time="0.001">
                                                 
                                               </testcase><testcase classname="edu.neu.coe.csye7200.asstll.MyLazyListSpec" name="filter should produce a stream of even numbers using from(2,2)" time="0.001">
                                                 
                                               </testcase><testcase classname="edu.neu.coe.csye7200.asstll.MyLazyListSpec" name="filterNot should produce a stream of even numbers using from(1)" time="0.002">
                                                 
                                               </testcase><testcase classname="edu.neu.coe.csye7200.asstll.MyLazyListSpec" name="filterNot should produce a stream of even numbers using from(2,2)" time="0.0">
                                                 
                                               </testcase><testcase classname="edu.neu.coe.csye7200.asstll.MyLazyListSpec" name="zip should zip together two empty streams" time="0.0">
                                                 
                                               </testcase><testcase classname="edu.neu.coe.csye7200.asstll.MyLazyListSpec" name="zip should zip together a stream and an empty stream" time="0.002">
                                                 
                                               </testcase><testcase classname="edu.neu.coe.csye7200.asstll.MyLazyListSpec" name="zip should zip together an empty stream and a stream" time="0.0">
                                                 
                                               </testcase><testcase classname="edu.neu.coe.csye7200.asstll.MyLazyListSpec" name="zip should zip together two non-empty streams" time="0.001">
                                                 
                                               </testcase><testcase classname="edu.neu.coe.csye7200.asstll.MyLazyListSpec" name="apply should produce a stream of a single 1" time="0.0">
                                                 
                                               </testcase><testcase classname="edu.neu.coe.csye7200.asstll.MyLazyListSpec" name="continually should produce a stream of 1s" time="0.001">
                                                 
                                               </testcase><testcase classname="edu.neu.coe.csye7200.asstll.MyLazyListSpec" name="continually should produce a stream of 1 thru 3" time="0.0">
                                                 
                                               </testcase><testcase classname="edu.neu.coe.csye7200.asstll.MyLazyListSpec" name="MyLazyList as a monad should support a for-comprehension" time="0.001">
                                                 
                                               </testcase><testcase classname="edu.neu.coe.csye7200.asstll.MyLazyListSpec" name="MyLazyList as a monad should support a for-comprehension with filter" time="0.001">
                                                 
                                               </testcase><testcase classname="edu.neu.coe.csye7200.asstll.MyLazyListSpec" name="singleton should allow for 1" time="0.0">
                                                 
                                               </testcase><testcase classname="edu.neu.coe.csye7200.asstll.MyLazyListSpec" name="Iterator should support EmptyList" time="0.0">
                                                 
                                               </testcase><testcase classname="edu.neu.coe.csye7200.asstll.MyLazyListSpec" name="Iterator should support from" time="0.0">
                                                 
                                               </testcase><testcase classname="edu.neu.coe.csye7200.asstll.MyLazyListSpec" name="Iterator should support singleton" time="0.001">
                                                 
                                               </testcase>
                     <system-out><![CDATA[]]></system-out>
                     <system-err><![CDATA[]]></system-err>
                   </testsuite>